[site180111.nicepage.io/Home.html]
[backblue.gif]
[fade.gif]
[index.html]
[site180111.nicepage.io/nicepage-site.css]
[capp.nicepage.com/601cfd103136c436f6b389d2a70a597912fecb86/nicepage.css]
[site180111.nicepage.io/Home.css]
[site180111.nicepage.io/Content-Manager.html]
[site180111.nicepage.io/Upload.html]
[capp.nicepage.com/601cfd103136c436f6b389d2a70a597912fecb86/nicepage.js]
[site180111.nicepage.io/Contact-Us.html]
[site180111.nicepage.io/Home.html]
[capp.nicepage.com/601cfd103136c436f6b389d2a70a597912fecb86/nicepage.css]
[site180111.nicepage.io/nicepage-site.css]
[capp.nicepage.com/assets/jquery-3.5.1.min.js]
[assets.nicepagecdn.com/792fa3ce/5198378/images/224519277-01.jpg]
[assets.nicepagecdn.com/792fa3ce/5198378/images/6dc708603ea7966a05bec665d5fbbd1d7f817048a978d25c5b35df5583b7ae3ce492ba814f59daedbf52bf56bb48bcae169e2ab6b3a6158cc60d72_1280.png]
[site180111.nicepage.io/Home.css]
[site180111.nicepage.io/Content/BundledScripts/index.html]
[site180111.nicepage.io/signature.png]
[capp.nicepage.com/601cfd103136c436f6b389d2a70a597912fecb86/nicepage.js]
[site180111.nicepage.io/ABCDEFGHIJKLMNOPQRSTUVWXYZabcdefghijklmnopqrstuvwxyz0123456789+/index.html]
[site180111.nicepage.io/Content-Manager.css]
[site180111.nicepage.io/Content-Manager.html]
[site180111.nicepage.io/Upload.css]
[site180111.nicepage.io/Upload.html]
[site180111.nicepage.io/Contact-Us.css]
[site180111.nicepage.io/Contact-Us.html]
[site180111.nicepage.io/Content/BundledScripts/index.html]
[site180111.nicepage.io/signature.html]
[site180111.nicepage.io/ABCDEFGHIJKLMNOPQRSTUVWXYZabcdefghijklmnopqrstuvwxyz0123456789+/index.html]
[site180111.nicepage.io/Content-Manager.css]
[site180111.nicepage.io/Upload.css]
[site180111.nicepage.io/Contact-Us.css]
